

*******************************************************************************
Wed Feb  1 12:56:18 2017


FIT:    data read from "derivative_test.dat" using ($1):($2)
        format = x:z
        x range restricted to [-8.00000 : -1.00000]
        #datapoints = 24
        residuals are weighted equally (unit weight)

function used for fitting: f1(x)
	f1(x) = a1*x + b1
fitted parameters initialized with current variable values

iter      chisq       delta/lim  lambda   a1            b1           
   0 4.0339473424e+01   0.00e+00  3.55e+00    1.000000e+00   1.000000e+00
   4 3.1490708041e-02  -1.01e-03  3.55e-04    9.946076e-01  -3.199662e-01

After 4 iterations the fit converged.
final sum of squares of residuals : 0.0314907
rel. change during last iteration : -1.01052e-08

degrees of freedom    (FIT_NDF)                        : 22
rms of residuals      (FIT_STDFIT) = sqrt(WSSR/ndf)    : 0.0378338
variance of residuals (reduced chisquare) = WSSR/ndf   : 0.0014314

Final set of parameters            Asymptotic Standard Error
=======================            ==========================
a1              = 0.994608         +/- 0.003706     (0.3726%)
b1              = -0.319966        +/- 0.01825      (5.704%)

correlation matrix of the fit parameters:
                a1     b1     
a1              1.000 
b1              0.906  1.000 


*******************************************************************************
Wed Feb  1 13:13:59 2017


FIT:    data read from "derivative_test.dat" using ($1):($2)
        format = x:z
        x range restricted to [-8.00000 : -1.00000]
        #datapoints = 24
        residuals are weighted equally (unit weight)

function used for fitting: f1(x)
	f1(x) = a1*x + b1
fitted parameters initialized with current variable values

iter      chisq       delta/lim  lambda   a1            b1           
   0 4.0339473424e+01   0.00e+00  3.55e+00    1.000000e+00   1.000000e+00
   4 3.1490708041e-02  -1.01e-03  3.55e-04    9.946076e-01  -3.199662e-01

After 4 iterations the fit converged.
final sum of squares of residuals : 0.0314907
rel. change during last iteration : -1.01052e-08

degrees of freedom    (FIT_NDF)                        : 22
rms of residuals      (FIT_STDFIT) = sqrt(WSSR/ndf)    : 0.0378338
variance of residuals (reduced chisquare) = WSSR/ndf   : 0.0014314

Final set of parameters            Asymptotic Standard Error
=======================            ==========================
a1              = 0.994608         +/- 0.003706     (0.3726%)
b1              = -0.319966        +/- 0.01825      (5.704%)

correlation matrix of the fit parameters:
                a1     b1     
a1              1.000 
b1              0.906  1.000 


*******************************************************************************
Wed Feb  1 13:13:59 2017


FIT:    data read from "derivative_test.dat" using ($1):($3)
        format = x:z
        x range restricted to [-8.00000 : -1.00000]
        #datapoints = 24
        residuals are weighted equally (unit weight)

function used for fitting: f2(y)
	f2(y) = a2*y + b2
fitted parameters initialized with current variable values

iter      chisq       delta/lim  lambda   a2            b2           
   0 2.1695812691e+03   0.00e+00  7.07e-01    1.000000e+00   1.000000e+00
BREAK: Singular matrix in Invert_RtR

*******************************************************************************
Wed Feb  1 13:14:53 2017


FIT:    data read from "derivative_test.dat" using ($1):($2)
        format = x:z
        x range restricted to [-8.00000 : -1.00000]
        #datapoints = 24
        residuals are weighted equally (unit weight)

function used for fitting: f1(x)
	f1(x) = a1*x + b1
fitted parameters initialized with current variable values

iter      chisq       delta/lim  lambda   a1            b1           
   0 3.1490708041e-02   0.00e+00  3.47e+00    9.946076e-01  -3.199662e-01
   1 3.1490708041e-02  -2.86e-10  3.47e+00    9.946076e-01  -3.199662e-01

After 1 iterations the fit converged.
final sum of squares of residuals : 0.0314907
rel. change during last iteration : -2.86452e-15

degrees of freedom    (FIT_NDF)                        : 22
rms of residuals      (FIT_STDFIT) = sqrt(WSSR/ndf)    : 0.0378338
variance of residuals (reduced chisquare) = WSSR/ndf   : 0.0014314

Final set of parameters            Asymptotic Standard Error
=======================            ==========================
a1              = 0.994608         +/- 0.003706     (0.3726%)
b1              = -0.319966        +/- 0.01825      (5.704%)

correlation matrix of the fit parameters:
                a1     b1     
a1              1.000 
b1              0.906  1.000 


*******************************************************************************
Wed Feb  1 13:14:53 2017


FIT:    data read from "derivative_test.dat" using ($1):($3)
        format = x:z
        x range restricted to [-8.00000 : -1.00000]
        #datapoints = 24
        residuals are weighted equally (unit weight)

function used for fitting: f2(y)
	f2(y) = a2*y + b2
fitted parameters initialized with current variable values

iter      chisq       delta/lim  lambda   a2            b2           
   0 1.2302472712e+02   0.00e+00  5.83e+00    1.000000e+00  -8.242586e+00
BREAK: Singular matrix in Invert_RtR

*******************************************************************************
Wed Feb  1 13:17:17 2017


FIT:    data read from "derivative_test.dat" using ($1):($2)
        format = x:z
        x range restricted to [-8.00000 : -1.00000]
        #datapoints = 24
        residuals are weighted equally (unit weight)

function used for fitting: f1(x)
	f1(x) = a1*x + b1
fitted parameters initialized with current variable values

iter      chisq       delta/lim  lambda   a1            b1           
   0 4.0339473424e+01   0.00e+00  3.55e+00    1.000000e+00   1.000000e+00
   4 3.1490708041e-02  -1.01e-03  3.55e-04    9.946076e-01  -3.199662e-01

After 4 iterations the fit converged.
final sum of squares of residuals : 0.0314907
rel. change during last iteration : -1.01052e-08

degrees of freedom    (FIT_NDF)                        : 22
rms of residuals      (FIT_STDFIT) = sqrt(WSSR/ndf)    : 0.0378338
variance of residuals (reduced chisquare) = WSSR/ndf   : 0.0014314

Final set of parameters            Asymptotic Standard Error
=======================            ==========================
a1              = 0.994608         +/- 0.003706     (0.3726%)
b1              = -0.319966        +/- 0.01825      (5.704%)

correlation matrix of the fit parameters:
                a1     b1     
a1              1.000 
b1              0.906  1.000 


*******************************************************************************
Wed Feb  1 13:17:17 2017


FIT:    data read from "derivative_test.dat" using ($1):($3)
        format = x:z
        x range restricted to [-10.0000 : -1.00000]
        #datapoints = 30
        residuals are weighted equally (unit weight)

function used for fitting: f2(y)
	f2(y) = a2*y + b2
fitted parameters initialized with current variable values

iter      chisq       delta/lim  lambda   a2            b2           
   0 2.5647476816e+03   0.00e+00  7.07e-01    1.000000e+00   1.000000e+00
BREAK: Singular matrix in Invert_RtR

*******************************************************************************
Wed Feb  1 13:17:52 2017


FIT:    data read from "derivative_test.dat" using ($1):($2)
        format = x:z
        x range restricted to [-8.00000 : -1.00000]
        #datapoints = 24
        residuals are weighted equally (unit weight)

function used for fitting: f1(x)
	f1(x) = a1*x + b1
fitted parameters initialized with current variable values

iter      chisq       delta/lim  lambda   a1            b1           
   0 3.1490708041e-02   0.00e+00  3.47e+00    9.946076e-01  -3.199662e-01
   1 3.1490708041e-02  -2.86e-10  3.47e+00    9.946076e-01  -3.199662e-01

After 1 iterations the fit converged.
final sum of squares of residuals : 0.0314907
rel. change during last iteration : -2.86452e-15

degrees of freedom    (FIT_NDF)                        : 22
rms of residuals      (FIT_STDFIT) = sqrt(WSSR/ndf)    : 0.0378338
variance of residuals (reduced chisquare) = WSSR/ndf   : 0.0014314

Final set of parameters            Asymptotic Standard Error
=======================            ==========================
a1              = 0.994608         +/- 0.003706     (0.3726%)
b1              = -0.319966        +/- 0.01825      (5.704%)

correlation matrix of the fit parameters:
                a1     b1     
a1              1.000 
b1              0.906  1.000 


*******************************************************************************
Wed Feb  1 13:17:52 2017


FIT:    data read from "derivative_test.dat" using ($1):($3)
        format = x:z
        x range restricted to [-10.0000 : -1.00000]
        #datapoints = 30
        residuals are weighted equally (unit weight)

function used for fitting: f2(y)
	f2(y) = a2*y + b2
fitted parameters initialized with current variable values

iter      chisq       delta/lim  lambda   a2            b2           
   0 1.3024028139e+02   0.00e+00  5.67e+00    1.000000e+00  -8.016355e+00
BREAK: Singular matrix in Invert_RtR

*******************************************************************************
Wed Feb  1 13:20:36 2017


FIT:    data read from "derivative_test.dat" using ($1):($2)
        format = x:z
        x range restricted to [-8.00000 : -1.00000]
        #datapoints = 24
        residuals are weighted equally (unit weight)

function used for fitting: f1(x)
	f1(x) = a1*x + b1
fitted parameters initialized with current variable values

iter      chisq       delta/lim  lambda   a1            b1           
   0 4.0339473424e+01   0.00e+00  3.55e+00    1.000000e+00   1.000000e+00
   4 3.1490708041e-02  -1.01e-03  3.55e-04    9.946076e-01  -3.199662e-01

After 4 iterations the fit converged.
final sum of squares of residuals : 0.0314907
rel. change during last iteration : -1.01052e-08

degrees of freedom    (FIT_NDF)                        : 22
rms of residuals      (FIT_STDFIT) = sqrt(WSSR/ndf)    : 0.0378338
variance of residuals (reduced chisquare) = WSSR/ndf   : 0.0014314

Final set of parameters            Asymptotic Standard Error
=======================            ==========================
a1              = 0.994608         +/- 0.003706     (0.3726%)
b1              = -0.319966        +/- 0.01825      (5.704%)

correlation matrix of the fit parameters:
                a1     b1     
a1              1.000 
b1              0.906  1.000 


*******************************************************************************
Wed Feb  1 13:20:36 2017


FIT:    data read from "derivative_test.dat" using ($1):($3)
        format = x:z
        x range restricted to [-10.0000 : -1.00000]
        #datapoints = 30
        residuals are weighted equally (unit weight)

function used for fitting: f2(y)
	f2(y) = a2*y + b2
fitted parameters initialized with current variable values

iter      chisq       delta/lim  lambda   a2            b2           
   0 2.5647476816e+03   0.00e+00  7.07e-01    1.000000e+00   1.000000e+00
BREAK: Singular matrix in Invert_RtR

*******************************************************************************
Wed Feb  1 13:21:37 2017


FIT:    data read from "derivative_test.dat" using ($1):($2)
        format = x:z
        x range restricted to [-8.00000 : -1.00000]
        #datapoints = 24
        residuals are weighted equally (unit weight)

function used for fitting: f1(x)
	f1(x) = a1*x + b1
fitted parameters initialized with current variable values

iter      chisq       delta/lim  lambda   a1            b1           
   0 3.1490708041e-02   0.00e+00  3.47e+00    9.946076e-01  -3.199662e-01
   1 3.1490708041e-02  -2.86e-10  3.47e+00    9.946076e-01  -3.199662e-01

After 1 iterations the fit converged.
final sum of squares of residuals : 0.0314907
rel. change during last iteration : -2.86452e-15

degrees of freedom    (FIT_NDF)                        : 22
rms of residuals      (FIT_STDFIT) = sqrt(WSSR/ndf)    : 0.0378338
variance of residuals (reduced chisquare) = WSSR/ndf   : 0.0014314

Final set of parameters            Asymptotic Standard Error
=======================            ==========================
a1              = 0.994608         +/- 0.003706     (0.3726%)
b1              = -0.319966        +/- 0.01825      (5.704%)

correlation matrix of the fit parameters:
                a1     b1     
a1              1.000 
b1              0.906  1.000 


*******************************************************************************
Wed Feb  1 13:21:37 2017


FIT:    data read from "derivative_test.dat" using ($1):($3)
        format = x:z
        x range restricted to [-10.0000 : -1.00000]
        #datapoints = 30
        residuals are weighted equally (unit weight)

function used for fitting: f2(y)
	f2(y) = a2*y + b2
fitted parameters initialized with current variable values

iter      chisq       delta/lim  lambda   a2            b2           
   0 1.3024028139e+02   0.00e+00  5.67e+00    1.000000e+00  -8.016355e+00
BREAK: Singular matrix in Invert_RtR

*******************************************************************************
Wed Feb  1 13:23:53 2017


FIT:    data read from "derivative_test.dat" using ($1):($2)
        format = x:z
        x range restricted to [-8.00000 : -1.00000]
        #datapoints = 24
        residuals are weighted equally (unit weight)

function used for fitting: f1(x)
	f1(x) = a1*x + b1
fitted parameters initialized with current variable values

iter      chisq       delta/lim  lambda   a1            b1           
   0 3.1490708041e-02   0.00e+00  3.47e+00    9.946076e-01  -3.199662e-01
   1 3.1490708041e-02   0.00e+00  3.47e-01    9.946076e-01  -3.199662e-01

After 1 iterations the fit converged.
final sum of squares of residuals : 0.0314907
rel. change during last iteration : 0

degrees of freedom    (FIT_NDF)                        : 22
rms of residuals      (FIT_STDFIT) = sqrt(WSSR/ndf)    : 0.0378338
variance of residuals (reduced chisquare) = WSSR/ndf   : 0.0014314

Final set of parameters            Asymptotic Standard Error
=======================            ==========================
a1              = 0.994608         +/- 0.003706     (0.3726%)
b1              = -0.319966        +/- 0.01825      (5.704%)

correlation matrix of the fit parameters:
                a1     b1     
a1              1.000 
b1              0.906  1.000 


*******************************************************************************
Wed Feb  1 13:23:53 2017


FIT:    data read from "derivative_test.dat" using ($1):($3)
        format = x:z
        x range restricted to [-10.0000 : -1.00000]
        #datapoints = 30
        residuals are weighted equally (unit weight)

function used for fitting: f2(y)
	f2(y) = a2*y + b2
fitted parameters initialized with current variable values

iter      chisq       delta/lim  lambda   a2            b2           
   0 1.3024028140e+02   0.00e+00  5.67e+00    1.000000e+00  -8.016355e+00
BREAK: Singular matrix in Invert_RtR

*******************************************************************************
Wed Feb  1 13:24:42 2017


FIT:    data read from "derivative_test.dat" using ($1):($2)
        format = x:z
        x range restricted to [-8.00000 : -1.00000]
        #datapoints = 24
        residuals are weighted equally (unit weight)

function used for fitting: f1(x)
	f1(x) = a1*x + b1
fitted parameters initialized with current variable values

iter      chisq       delta/lim  lambda   a1            b1           
   0 3.1490708041e-02   0.00e+00  3.47e+00    9.946076e-01  -3.199662e-01
   1 3.1490708041e-02  -2.42e-10  3.47e+01    9.946076e-01  -3.199662e-01

After 1 iterations the fit converged.
final sum of squares of residuals : 0.0314907
rel. change during last iteration : -2.42382e-15

degrees of freedom    (FIT_NDF)                        : 22
rms of residuals      (FIT_STDFIT) = sqrt(WSSR/ndf)    : 0.0378338
variance of residuals (reduced chisquare) = WSSR/ndf   : 0.0014314

Final set of parameters            Asymptotic Standard Error
=======================            ==========================
a1              = 0.994608         +/- 0.003706     (0.3726%)
b1              = -0.319966        +/- 0.01825      (5.704%)

correlation matrix of the fit parameters:
                a1     b1     
a1              1.000 
b1              0.906  1.000 


*******************************************************************************
Wed Feb  1 13:24:42 2017


FIT:    data read from "derivative_test.dat" using ($1):($3)
        format = x:z
        x range restricted to [-10.0000 : -1.00000]
        #datapoints = 30
        residuals are weighted equally (unit weight)

function used for fitting: f2(x)
	f2(x) = a2*x + b2
fitted parameters initialized with current variable values

iter      chisq       delta/lim  lambda   a2            b2           
   0 1.0911557499e+03   0.00e+00  7.07e+00    1.000000e+00  -8.016355e+00
   3 1.1570671340e+02  -2.65e-02  7.07e-03    2.671147e-01  -6.575294e+00

After 3 iterations the fit converged.
final sum of squares of residuals : 115.707
rel. change during last iteration : -2.6481e-07

degrees of freedom    (FIT_NDF)                        : 28
rms of residuals      (FIT_STDFIT) = sqrt(WSSR/ndf)    : 2.03283
variance of residuals (reduced chisquare) = WSSR/ndf   : 4.13238

Final set of parameters            Asymptotic Standard Error
=======================            ==========================
a2              = 0.267115         +/- 0.1424       (53.33%)
b2              = -6.57529         +/- 0.8496       (12.92%)

correlation matrix of the fit parameters:
                a2     b2     
a2              1.000 
b2              0.900  1.000 


*******************************************************************************
Wed Feb  1 13:26:19 2017


FIT:    data read from "derivative_test.dat" using ($1):($2)
        format = x:z
        x range restricted to [-8.00000 : -1.00000]
        #datapoints = 24
        residuals are weighted equally (unit weight)

function used for fitting: f1(x)
	f1(x) = a1*x + b1
fitted parameters initialized with current variable values

iter      chisq       delta/lim  lambda   a1            b1           
   0 3.1490708041e-02   0.00e+00  3.47e+00    9.946076e-01  -3.199662e-01
   1 3.1490708041e-02   0.00e+00  3.47e+02    9.946076e-01  -3.199662e-01

After 1 iterations the fit converged.
final sum of squares of residuals : 0.0314907
rel. change during last iteration : 0

degrees of freedom    (FIT_NDF)                        : 22
rms of residuals      (FIT_STDFIT) = sqrt(WSSR/ndf)    : 0.0378338
variance of residuals (reduced chisquare) = WSSR/ndf   : 0.0014314

Final set of parameters            Asymptotic Standard Error
=======================            ==========================
a1              = 0.994608         +/- 0.003706     (0.3726%)
b1              = -0.319966        +/- 0.01825      (5.704%)

correlation matrix of the fit parameters:
                a1     b1     
a1              1.000 
b1              0.906  1.000 


*******************************************************************************
Wed Feb  1 13:26:20 2017


FIT:    data read from "derivative_test.dat" using ($1):($3)
        format = x:z
        x range restricted to [-10.0000 : -1.00000]
        #datapoints = 30
        residuals are weighted equally (unit weight)

function used for fitting: f2(x)
	f2(x) = a2*x + b2
fitted parameters initialized with current variable values

iter      chisq       delta/lim  lambda   a2            b2           
   0 1.1570671340e+02   0.00e+00  4.78e+00    2.671147e-01  -6.575294e+00
   1 1.1570671340e+02  -2.46e-11  4.78e-01    2.671147e-01  -6.575294e+00

After 1 iterations the fit converged.
final sum of squares of residuals : 115.707
rel. change during last iteration : -2.45636e-16

degrees of freedom    (FIT_NDF)                        : 28
rms of residuals      (FIT_STDFIT) = sqrt(WSSR/ndf)    : 2.03283
variance of residuals (reduced chisquare) = WSSR/ndf   : 4.13238

Final set of parameters            Asymptotic Standard Error
=======================            ==========================
a2              = 0.267115         +/- 0.1424       (53.33%)
b2              = -6.57529         +/- 0.8496       (12.92%)

correlation matrix of the fit parameters:
                a2     b2     
a2              1.000 
b2              0.900  1.000 


*******************************************************************************
Wed Feb  1 13:26:20 2017


FIT:    data read from "derivative_test.dat" using ($1):($4)
        format = x:z
        x range restricted to [-13.0000 : -1.00000]
        #datapoints = 30
        residuals are weighted equally (unit weight)

function used for fitting: f3(x)
	f3(x) = a3*x + b3
fitted parameters initialized with current variable values

iter      chisq       delta/lim  lambda   a3            b3           
   0 1.5064824498e+03   0.00e+00  4.28e+00    1.000000e+00   1.000000e+00
   4 6.5719636120e+01  -1.10e-04  4.28e-04   -6.472004e-01  -1.327820e+01

After 4 iterations the fit converged.
final sum of squares of residuals : 65.7196
rel. change during last iteration : -1.09932e-09

degrees of freedom    (FIT_NDF)                        : 28
rms of residuals      (FIT_STDFIT) = sqrt(WSSR/ndf)    : 1.53203
variance of residuals (reduced chisquare) = WSSR/ndf   : 2.34713

Final set of parameters            Asymptotic Standard Error
=======================            ==========================
a3              = -0.6472          +/- 0.1074       (16.59%)
b3              = -13.2782         +/- 0.6403       (4.822%)

correlation matrix of the fit parameters:
                a3     b3     
a3              1.000 
b3              0.900  1.000 


*******************************************************************************
Wed Feb  1 13:35:27 2017


FIT:    data read from "derivative_test.dat" using ($1):($2)
        format = x:z
        x range restricted to [-8.00000 : -1.00000]
        #datapoints = 24
        residuals are weighted equally (unit weight)

function used for fitting: f1(x)
	f1(x) = a1*x + b1
fitted parameters initialized with current variable values

iter      chisq       delta/lim  lambda   a1            b1           
   0 4.0339473424e+01   0.00e+00  3.55e+00    1.000000e+00   1.000000e+00
   4 3.1490708041e-02  -1.01e-03  3.55e-04    9.946076e-01  -3.199662e-01

After 4 iterations the fit converged.
final sum of squares of residuals : 0.0314907
rel. change during last iteration : -1.01052e-08

degrees of freedom    (FIT_NDF)                        : 22
rms of residuals      (FIT_STDFIT) = sqrt(WSSR/ndf)    : 0.0378338
variance of residuals (reduced chisquare) = WSSR/ndf   : 0.0014314

Final set of parameters            Asymptotic Standard Error
=======================            ==========================
a1              = 0.994608         +/- 0.003706     (0.3726%)
b1              = -0.319966        +/- 0.01825      (5.704%)

correlation matrix of the fit parameters:
                a1     b1     
a1              1.000 
b1              0.906  1.000 


*******************************************************************************
Wed Feb  1 13:35:27 2017


FIT:    data read from "derivative_test.dat" using ($1):($3)
        format = x:z
        x range restricted to [-2.00000 : -1.00000]
        #datapoints = 4
        residuals are weighted equally (unit weight)

function used for fitting: f2(x)
	f2(x) = a2*x + b2
fitted parameters initialized with current variable values

iter      chisq       delta/lim  lambda   a2            b2           
   0 5.9182017454e+01   0.00e+00  1.27e+00    1.000000e+00   1.000000e+00
   5 3.9017537743e-10  -1.05e-04  1.27e-05    2.000057e+00  -1.380111e+00

After 5 iterations the fit converged.
final sum of squares of residuals : 3.90175e-10
rel. change during last iteration : -1.05308e-09

degrees of freedom    (FIT_NDF)                        : 2
rms of residuals      (FIT_STDFIT) = sqrt(WSSR/ndf)    : 1.39674e-05
variance of residuals (reduced chisquare) = WSSR/ndf   : 1.95088e-10

Final set of parameters            Asymptotic Standard Error
=======================            ==========================
a2              = 2.00006          +/- 2.075e-05    (0.001037%)
b2              = -1.38011         +/- 3.092e-05    (0.00224%)

correlation matrix of the fit parameters:
                a2     b2     
a2              1.000 
b2              0.974  1.000 


*******************************************************************************
Wed Feb  1 13:35:28 2017


FIT:    data read from "derivative_test.dat" using ($1):($4)
        format = x:z
        x range restricted to [-5.00000 : -1.00000]
        #datapoints = 14
        residuals are weighted equally (unit weight)

function used for fitting: f3(x)
	f3(x) = a3*x + b3
fitted parameters initialized with current variable values

iter      chisq       delta/lim  lambda   a3            b3           
   0 1.3332294336e+03   0.00e+00  2.37e+00    1.000000e+00   1.000000e+00
   4 2.2725706319e+01  -3.80e-05  2.37e-04    6.755852e-01  -9.626275e+00

After 4 iterations the fit converged.
final sum of squares of residuals : 22.7257
rel. change during last iteration : -3.79728e-10

degrees of freedom    (FIT_NDF)                        : 12
rms of residuals      (FIT_STDFIT) = sqrt(WSSR/ndf)    : 1.37616
variance of residuals (reduced chisquare) = WSSR/ndf   : 1.89381

Final set of parameters            Asymptotic Standard Error
=======================            ==========================
a3              = 0.675585         +/- 0.3031       (44.86%)
b3              = -9.62628         +/- 0.9687       (10.06%)

correlation matrix of the fit parameters:
                a3     b3     
a3              1.000 
b3              0.925  1.000 


*******************************************************************************
Wed Feb  1 13:36:22 2017


FIT:    data read from "derivative_test.dat" using ($1):($2)
        format = x:z
        x range restricted to [-8.00000 : -1.00000]
        #datapoints = 24
        residuals are weighted equally (unit weight)

function used for fitting: f1(x)
	f1(x) = a1*x + b1
fitted parameters initialized with current variable values

iter      chisq       delta/lim  lambda   a1            b1           
   0 3.1490708041e-02   0.00e+00  3.47e+00    9.946076e-01  -3.199662e-01
   1 3.1490708041e-02  -2.86e-10  3.47e+00    9.946076e-01  -3.199662e-01

After 1 iterations the fit converged.
final sum of squares of residuals : 0.0314907
rel. change during last iteration : -2.86452e-15

degrees of freedom    (FIT_NDF)                        : 22
rms of residuals      (FIT_STDFIT) = sqrt(WSSR/ndf)    : 0.0378338
variance of residuals (reduced chisquare) = WSSR/ndf   : 0.0014314

Final set of parameters            Asymptotic Standard Error
=======================            ==========================
a1              = 0.994608         +/- 0.003706     (0.3726%)
b1              = -0.319966        +/- 0.01825      (5.704%)

correlation matrix of the fit parameters:
                a1     b1     
a1              1.000 
b1              0.906  1.000 


*******************************************************************************
Wed Feb  1 13:36:22 2017


FIT:    data read from "derivative_test.dat" using ($1):($3)
        format = x:z
        x range restricted to [-2.00000 : -1.00000]
        #datapoints = 4
        residuals are weighted equally (unit weight)

function used for fitting: f2(x)
	f2(x) = a2*x + b2
fitted parameters initialized with current variable values

iter      chisq       delta/lim  lambda   a2            b2           
   0 3.9017537743e-10   0.00e+00  2.32e+00    2.000057e+00  -1.380111e+00
   1 3.9017537743e-10   0.00e+00  2.32e-01    2.000057e+00  -1.380111e+00

After 1 iterations the fit converged.
final sum of squares of residuals : 3.90175e-10
rel. change during last iteration : 0

degrees of freedom    (FIT_NDF)                        : 2
rms of residuals      (FIT_STDFIT) = sqrt(WSSR/ndf)    : 1.39674e-05
variance of residuals (reduced chisquare) = WSSR/ndf   : 1.95088e-10

Final set of parameters            Asymptotic Standard Error
=======================            ==========================
a2              = 2.00006          +/- 2.075e-05    (0.001037%)
b2              = -1.38011         +/- 3.092e-05    (0.00224%)

correlation matrix of the fit parameters:
                a2     b2     
a2              1.000 
b2              0.974  1.000 


*******************************************************************************
Wed Feb  1 13:36:22 2017


FIT:    data read from "derivative_test.dat" using ($1):($4)
        format = x:z
        x range restricted to [-2.00000 : -1.00000]
        #datapoints = 4
        residuals are weighted equally (unit weight)

function used for fitting: f3(x)
	f3(x) = a3*x + b3
fitted parameters initialized with current variable values

iter      chisq       delta/lim  lambda   a3            b3           
   0 8.3598034415e+00   0.00e+00  6.84e+00    6.755852e-01  -9.626275e+00
   6 3.1465011905e-08  -4.50e-07  6.84e-04    4.000546e+00  -3.884703e+00

After 6 iterations the fit converged.
final sum of squares of residuals : 3.1465e-08
rel. change during last iteration : -4.49898e-12

degrees of freedom    (FIT_NDF)                        : 2
rms of residuals      (FIT_STDFIT) = sqrt(WSSR/ndf)    : 0.000125429
variance of residuals (reduced chisquare) = WSSR/ndf   : 1.57325e-08

Final set of parameters            Asymptotic Standard Error
=======================            ==========================
a3              = 4.00055          +/- 0.0001863    (0.004658%)
b3              = -3.8847          +/- 0.0002777    (0.007147%)

correlation matrix of the fit parameters:
                a3     b3     
a3              1.000 
b3              0.974  1.000 


*******************************************************************************
Fri Feb  3 13:43:37 2017


FIT:    data read from "derivative_test.dat" using ($1):($2)
        format = x:z
        x range restricted to [-8.00000 : -1.00000]
        #datapoints = 24
        residuals are weighted equally (unit weight)

function used for fitting: f1(x)
	f1(x) = a1*x + b1
fitted parameters initialized with current variable values

iter      chisq       delta/lim  lambda   a1            b1           
   0 8.5557858819e+01   0.00e+00  3.55e+00    1.000000e+00   1.000000e+00
   4 1.7360627781e+00  -4.24e-05  3.55e-04    9.697688e-01  -1.002668e+00

After 4 iterations the fit converged.
final sum of squares of residuals : 1.73606
rel. change during last iteration : -4.23665e-10

degrees of freedom    (FIT_NDF)                        : 22
rms of residuals      (FIT_STDFIT) = sqrt(WSSR/ndf)    : 0.280913
variance of residuals (reduced chisquare) = WSSR/ndf   : 0.0789119

Final set of parameters            Asymptotic Standard Error
=======================            ==========================
a1              = 0.969769         +/- 0.02752      (2.838%)
b1              = -1.00267         +/- 0.1355       (13.51%)

correlation matrix of the fit parameters:
                a1     b1     
a1              1.000 
b1              0.906  1.000 


*******************************************************************************
Fri Feb  3 13:43:37 2017


FIT:    data read from "derivative_test.dat" using ($1):($3)
        format = x:z
        x range restricted to [-2.00000 : -1.00000]
        #datapoints = 4
        residuals are weighted equally (unit weight)

function used for fitting: f2(x)
	f2(x) = a2*x + b2
fitted parameters initialized with current variable values

iter      chisq       delta/lim  lambda   a2            b2           
   0 1.0189265969e+02   0.00e+00  1.27e+00    1.000000e+00   1.000000e+00
   5 3.4319326772e-10  -3.54e-04  1.27e-05    2.000053e+00  -2.584237e+00

After 5 iterations the fit converged.
final sum of squares of residuals : 3.43193e-10
rel. change during last iteration : -3.54243e-09

degrees of freedom    (FIT_NDF)                        : 2
rms of residuals      (FIT_STDFIT) = sqrt(WSSR/ndf)    : 1.30995e-05
variance of residuals (reduced chisquare) = WSSR/ndf   : 1.71597e-10

Final set of parameters            Asymptotic Standard Error
=======================            ==========================
a2              = 2.00005          +/- 1.946e-05    (0.000973%)
b2              = -2.58424         +/- 2.9e-05      (0.001122%)

correlation matrix of the fit parameters:
                a2     b2     
a2              1.000 
b2              0.974  1.000 


*******************************************************************************
Fri Feb  3 13:43:37 2017


FIT:    data read from "derivative_test.dat" using ($1):($4)
        format = x:z
        x range restricted to [-2.00000 : -1.00000]
        #datapoints = 4
        residuals are weighted equally (unit weight)

function used for fitting: f3(x)
	f3(x) = a3*x + b3
fitted parameters initialized with current variable values

iter      chisq       delta/lim  lambda   a3            b3           
   0 4.4467747621e+02   0.00e+00  1.27e+00    1.000000e+00   1.000000e+00
   4 2.0757191332e-03  -8.36e-01  1.27e-04    4.082087e+00  -5.018725e+00

After 4 iterations the fit converged.
final sum of squares of residuals : 0.00207572
rel. change during last iteration : -8.36061e-06

degrees of freedom    (FIT_NDF)                        : 2
rms of residuals      (FIT_STDFIT) = sqrt(WSSR/ndf)    : 0.0322158
variance of residuals (reduced chisquare) = WSSR/ndf   : 0.00103786

Final set of parameters            Asymptotic Standard Error
=======================            ==========================
a3              = 4.08209          +/- 0.04786      (1.172%)
b3              = -5.01873         +/- 0.07131      (1.421%)

correlation matrix of the fit parameters:
                a3     b3     
a3              1.000 
b3              0.974  1.000 


*******************************************************************************
Fri Feb  3 14:36:22 2017


FIT:    data read from "eigen_test.dat" using ($1):($2)
        format = x:z
        x range restricted to [150.000 : 850.000]
        #datapoints = 7
        residuals are weighted equally (unit weight)

function used for fitting: f(x)
	f(x) = m*x +b
fitted parameters initialized with current variable values

iter      chisq       delta/lim  lambda   m             b            
   0 2.0100445719e+06   0.00e+00  3.81e+02    1.000000e+00   1.000000e+00
   6 9.4287068214e+00  -9.94e-03  3.81e-04    1.420036e-02  -4.373036e+00

After 6 iterations the fit converged.
final sum of squares of residuals : 9.42871
rel. change during last iteration : -9.94264e-08

degrees of freedom    (FIT_NDF)                        : 5
rms of residuals      (FIT_STDFIT) = sqrt(WSSR/ndf)    : 1.37322
variance of residuals (reduced chisquare) = WSSR/ndf   : 1.88574

Final set of parameters            Asymptotic Standard Error
=======================            ==========================
m               = 0.0142004        +/- 0.002595     (18.28%)
b               = -4.37304         +/- 1.398        (31.96%)

correlation matrix of the fit parameters:
                m      b      
m               1.000 
b              -0.928  1.000 


*******************************************************************************
Fri Feb  3 14:37:15 2017


FIT:    data read from "eigen_test.dat" using ($1):($2)
        format = x:z
        x range restricted to [150.000 : 850.000]
        #datapoints = 7
        residuals are weighted equally (unit weight)

function used for fitting: f(x)
	f(x) = m*x +b
fitted parameters initialized with current variable values

iter      chisq       delta/lim  lambda   m             b            
   0 9.4287068214e+00   0.00e+00  6.23e+00    1.420036e-02  -4.373036e+00
   1 9.4287068214e+00   0.00e+00  6.23e-01    1.420036e-02  -4.373036e+00

After 1 iterations the fit converged.
final sum of squares of residuals : 9.42871
rel. change during last iteration : 0

degrees of freedom    (FIT_NDF)                        : 5
rms of residuals      (FIT_STDFIT) = sqrt(WSSR/ndf)    : 1.37322
variance of residuals (reduced chisquare) = WSSR/ndf   : 1.88574

Final set of parameters            Asymptotic Standard Error
=======================            ==========================
m               = 0.0142004        +/- 0.002595     (18.28%)
b               = -4.37304         +/- 1.398        (31.96%)

correlation matrix of the fit parameters:
                m      b      
m               1.000 
b              -0.928  1.000 


*******************************************************************************
Fri Feb  3 14:37:23 2017


FIT:    data read from "eigen_test.dat" using ($1):($2)
        format = x:z
        x range restricted to [150.000 : 850.000]
        #datapoints = 7
        residuals are weighted equally (unit weight)

function used for fitting: f(x)
	f(x) = m*x +b
fitted parameters initialized with current variable values

iter      chisq       delta/lim  lambda   m             b            
   0 9.4287068214e+00   0.00e+00  6.23e+00    1.420036e-02  -4.373036e+00
   1 9.4287068214e+00  -1.88e-11  6.23e-01    1.420036e-02  -4.373036e+00

After 1 iterations the fit converged.
final sum of squares of residuals : 9.42871
rel. change during last iteration : -1.88399e-16

degrees of freedom    (FIT_NDF)                        : 5
rms of residuals      (FIT_STDFIT) = sqrt(WSSR/ndf)    : 1.37322
variance of residuals (reduced chisquare) = WSSR/ndf   : 1.88574

Final set of parameters            Asymptotic Standard Error
=======================            ==========================
m               = 0.0142004        +/- 0.002595     (18.28%)
b               = -4.37304         +/- 1.398        (31.96%)

correlation matrix of the fit parameters:
                m      b      
m               1.000 
b              -0.928  1.000 


*******************************************************************************
Fri Feb  3 14:38:56 2017


FIT:    data read from "eigen_test.dat" using ($1):($2)
        format = x:z
        x range restricted to [150.000 : 850.000]
        #datapoints = 7
        residuals are weighted equally (unit weight)

function used for fitting: f(x)
	f(x) = m*x +b
fitted parameters initialized with current variable values

iter      chisq       delta/lim  lambda   m             b            
   0 9.4287068214e+00   0.00e+00  6.23e+00    1.420036e-02  -4.373036e+00
   1 9.4287068214e+00   0.00e+00  6.23e+03    1.420036e-02  -4.373036e+00

After 1 iterations the fit converged.
final sum of squares of residuals : 9.42871
rel. change during last iteration : 0

degrees of freedom    (FIT_NDF)                        : 5
rms of residuals      (FIT_STDFIT) = sqrt(WSSR/ndf)    : 1.37322
variance of residuals (reduced chisquare) = WSSR/ndf   : 1.88574

Final set of parameters            Asymptotic Standard Error
=======================            ==========================
m               = 0.0142004        +/- 0.002595     (18.28%)
b               = -4.37304         +/- 1.398        (31.96%)

correlation matrix of the fit parameters:
                m      b      
m               1.000 
b              -0.928  1.000 


*******************************************************************************
Fri Feb  3 14:39:27 2017


FIT:    data read from "eigen_test.dat" using ($1):($2)
        format = x:z
        x range restricted to [150.000 : 850.000]
        #datapoints = 7
        residuals are weighted equally (unit weight)

function used for fitting: f(x)
	f(x) = m*x +b
fitted parameters initialized with current variable values

iter      chisq       delta/lim  lambda   m             b            
   0 9.4287068214e+00   0.00e+00  6.23e+00    1.420036e-02  -4.373036e+00
   1 9.4287068214e+00   0.00e+00  6.23e+03    1.420036e-02  -4.373036e+00

After 1 iterations the fit converged.
final sum of squares of residuals : 9.42871
rel. change during last iteration : 0

degrees of freedom    (FIT_NDF)                        : 5
rms of residuals      (FIT_STDFIT) = sqrt(WSSR/ndf)    : 1.37322
variance of residuals (reduced chisquare) = WSSR/ndf   : 1.88574

Final set of parameters            Asymptotic Standard Error
=======================            ==========================
m               = 0.0142004        +/- 0.002595     (18.28%)
b               = -4.37304         +/- 1.398        (31.96%)

correlation matrix of the fit parameters:
                m      b      
m               1.000 
b              -0.928  1.000 


*******************************************************************************
Fri Feb  3 14:46:27 2017


FIT:    data read from "eigen_test.dat" using (log10($1)):(log10($2))
        format = x:z
        x range restricted to [1.00000 : 3.00000]
        #datapoints = 4
        residuals are weighted equally (unit weight)

function used for fitting: f(x)
	f(x) = m*x +b
fitted parameters initialized with current variable values

iter      chisq       delta/lim  lambda   m             b            
   0 4.2138570088e+01   0.00e+00  2.11e+00    1.000000e+00   1.000000e+00
   5 3.7456642582e-03  -5.76e-01  2.11e-05    4.118244e+00  -1.098769e+01

After 5 iterations the fit converged.
final sum of squares of residuals : 0.00374566
rel. change during last iteration : -5.76027e-06

degrees of freedom    (FIT_NDF)                        : 2
rms of residuals      (FIT_STDFIT) = sqrt(WSSR/ndf)    : 0.0432762
variance of residuals (reduced chisquare) = WSSR/ndf   : 0.00187283

Final set of parameters            Asymptotic Standard Error
=======================            ==========================
m               = 4.11824          +/- 0.2842       (6.901%)
b               = -10.9877         +/- 0.7979       (7.262%)

correlation matrix of the fit parameters:
                m      b      
m               1.000 
b              -1.000  1.000 


*******************************************************************************
Wed Feb  8 12:45:45 2017


FIT:    data read from "eigen_test.dat" using (log10($1)):(log10($2))
        format = x:z
        x range restricted to [50.0000 : 1000.00]
BREAK: No data to fit

*******************************************************************************
Wed Feb  8 12:47:39 2017


FIT:    data read from "eigen_test.dat" using (log10($1)):(log10($2))
        format = x:z
        x range restricted to [50.0000 : 1000.00]
BREAK: No data to fit

*******************************************************************************
Wed Feb  8 12:47:46 2017


FIT:    data read from "eigen_test.dat" using (log10($1)):(log10($2))
        format = x:z
        #datapoints = 6
        residuals are weighted equally (unit weight)

function used for fitting: f(x)
	f(x) = m*x +b
fitted parameters initialized with current variable values

iter      chisq       delta/lim  lambda   m             b            
   0 7.9868795789e+01   0.00e+00  2.05e+00    1.000000e+00   1.000000e+00
   5 2.2529077137e-02  -4.58e-04  2.05e-05    4.928145e+00  -1.327774e+01

After 5 iterations the fit converged.
final sum of squares of residuals : 0.0225291
rel. change during last iteration : -4.58004e-09

degrees of freedom    (FIT_NDF)                        : 4
rms of residuals      (FIT_STDFIT) = sqrt(WSSR/ndf)    : 0.0750484
variance of residuals (reduced chisquare) = WSSR/ndf   : 0.00563227

Final set of parameters            Asymptotic Standard Error
=======================            ==========================
m               = 4.92815          +/- 0.2115       (4.293%)
b               = -13.2777         +/- 0.5757       (4.336%)

correlation matrix of the fit parameters:
                m      b      
m               1.000 
b              -0.999  1.000 


*******************************************************************************
Wed Feb  8 12:48:04 2017


FIT:    data read from "eigen_test.dat" using (log10($1)):(log10($2))
        format = x:z
        #datapoints = 6
        residuals are weighted equally (unit weight)

function used for fitting: f(x)
	f(x) = m*x +b
fitted parameters initialized with current variable values

iter      chisq       delta/lim  lambda   m             b            
   0 2.2529077137e-02   0.00e+00  1.33e+01    4.928145e+00  -1.327774e+01
   1 2.2529077137e-02  -4.31e-10  1.33e+00    4.928145e+00  -1.327774e+01

After 1 iterations the fit converged.
final sum of squares of residuals : 0.0225291
rel. change during last iteration : -4.31196e-15

degrees of freedom    (FIT_NDF)                        : 4
rms of residuals      (FIT_STDFIT) = sqrt(WSSR/ndf)    : 0.0750484
variance of residuals (reduced chisquare) = WSSR/ndf   : 0.00563227

Final set of parameters            Asymptotic Standard Error
=======================            ==========================
m               = 4.92815          +/- 0.2115       (4.293%)
b               = -13.2777         +/- 0.5757       (4.336%)

correlation matrix of the fit parameters:
                m      b      
m               1.000 
b              -0.999  1.000 
